---------- Date: 2016-08-01 19:34:52 ~ IP : 127.0.0.1 ----------
REQUEST URI : /admin/index.php?route=catalog/option&token=vRYbBmC4cHCZW0dPaXOfZCq1Lvwtc8Bx
MOD DETAILS:
   modFile   : C:\OpenServer\domains\indicart\vqmod/xml/admin_mod.xml
   id        : This vqmod extends: countries, geozones & weight classes.
   version   : 2.2.0.0
   vqmver    : 2.3
   author    : dk.pochtamp@gmail.com
VQModObject::parseMods - Could not resolve path for [/admin/view/template/catalog/option_list.php] (SKIPPED)
----------------------------------------------------------------------


---------- Date: 2016-08-01 19:35:06 ~ IP : 127.0.0.1 ----------
REQUEST URI : /admin/index.php?route=catalog/option&token=vRYbBmC4cHCZW0dPaXOfZCq1Lvwtc8Bx
MOD DETAILS:
   modFile   : C:\OpenServer\domains\indicart\vqmod/xml/admin_mod.xml
   id        : This vqmod extends: countries, geozones & weight classes.
   version   : 2.2.0.0
   vqmver    : 2.3
   author    : dk.pochtamp@gmail.com
VQModObject::parseMods - Could not resolve path for [/admin/view/template/catalog/option_list.php] (SKIPPED)
----------------------------------------------------------------------


---------- Date: 2016-08-01 19:35:18 ~ IP : 127.0.0.1 ----------
REQUEST URI : /admin/index.php?route=catalog/option&token=vRYbBmC4cHCZW0dPaXOfZCq1Lvwtc8Bx
MOD DETAILS:
   modFile   : C:\OpenServer\domains\indicart\vqmod/xml/admin_mod.xml
   id        : This vqmod extends: countries, geozones & weight classes.
   version   : 2.2.0.0
   vqmver    : 2.3
   author    : dk.pochtamp@gmail.com
VQModObject::parseMods - Could not resolve path for [/admin/view/template/catalog/option_list.php] (SKIPPED)
----------------------------------------------------------------------


---------- Date: 2016-08-01 23:18:13 ~ IP : 127.0.0.1 ----------
REQUEST URI : /admin/index.php?route=catalog/product/edit&token=vRYbBmC4cHCZW0dPaXOfZCq1Lvwtc8Bx&product_id=40
MOD DETAILS:
   modFile   : C:\OpenServer\domains\indicart\vqmod/xml/admin_mod.xml
   id        : This vqmod extends: countries, geozones & weight classes.
   version   : 2.2.0.0
   vqmver    : 2.3
   author    : dk.pochtamp@gmail.com

File Name    : /admin/view/template/catalog/product_form.tpl(0)
VQModObject::applyMod - SEARCH NOT FOUND (ABORTING MOD): html += '	      <option value="0"><?php echo $text_no; ?></option>';
----------------------------------------------------------------------


