---------- Date: 2016-07-05 13:27:07 ~ IP : 127.0.0.1 ----------
REQUEST URI : /admin/index.php?route=sale/vdi_order&token=8fDMvracZ1tUbtoIIQCwMSf6onrWNrkb
MOD DETAILS:
   modFile   : C:\OpenServer\domains\indicart\vqmod/xml/paper_mod.xml
   id        : This vqmod contributes to the following custom functionalities: table view, paper filter & addition of multiples to cart.
   version   : 2.2.0.0
   vqmver    : 2.3
   author    : dk.pochtamp@gmail.com

File Name    : /admin/view/template/sale/vdi_order_list.tpl(0)
Operation <add> tag missing

----------------------------------------------------------------------


---------- Date: 2016-07-05 20:45:03 ~ IP : 127.0.0.1 ----------
REQUEST URI : /admin/index.php?route=report/vdi_product_purchased&token=wl8vxG7BzZGpttFVMY9Tc9QJKC6EpDUn
MOD DETAILS:
   modFile   : C:\OpenServer\domains\indicart\vqmod/xml/paper_mod.xml
   id        : This vqmod contributes to the following custom functionalities: table view, paper filter & addition of multiples to cart.
   version   : 2.2.0.0
   vqmver    : 2.3
   author    : dk.pochtamp@gmail.com

File Name    : /admin/view/template/common/vdi_menu.tpl(0)
VQModObject::applyMod - SEARCH NOT FOUND (ABORTING MOD): <td><?php echo $column_customer; ?></td>

----------------------------------------------------------------------


---------- Date: 2016-07-05 20:49:43 ~ IP : 127.0.0.1 ----------
REQUEST URI : /admin/index.php?route=report/vdi_product_purchased&token=wl8vxG7BzZGpttFVMY9Tc9QJKC6EpDUn
MOD DETAILS:
   modFile   : C:\OpenServer\domains\indicart\vqmod/xml/paper_mod.xml
   id        : This vqmod contributes to the following custom functionalities: table view, paper filter & addition of multiples to cart.
   version   : 2.2.0.0
   vqmver    : 2.3
   author    : dk.pochtamp@gmail.com

File Name    : /admin/view/template/common/vdi_menu.tpl(0)
VQModObject::applyMod - SEARCH NOT FOUND (ABORTING MOD): <td><?php echo $column_customer; ?></td>

----------------------------------------------------------------------


---------- Date: 2016-07-05 21:01:34 ~ IP : 127.0.0.1 ----------
REQUEST URI : /admin/index.php?route=sale/vdi_order&token=wl8vxG7BzZGpttFVMY9Tc9QJKC6EpDUn
MOD DETAILS:
   modFile   : C:\OpenServer\domains\indicart\vqmod/xml/paper_mod.xml
   id        : This vqmod contributes to the following custom functionalities: table view, paper filter & addition of multiples to cart.
   version   : 2.2.0.0
   vqmver    : 2.3
   author    : dk.pochtamp@gmail.com

File Name    : /admin/view/template/sale/vdi_order_list.tpl(3)
VQModObject::applyMod - SEARCH NOT FOUND (ABORTING MOD): <td class="text-left"><?php if ($sort == 'total') { ?>

----------------------------------------------------------------------


---------- Date: 2016-07-05 21:01:49 ~ IP : 127.0.0.1 ----------
REQUEST URI : /admin/index.php?route=sale/vdi_order&token=wl8vxG7BzZGpttFVMY9Tc9QJKC6EpDUn
MOD DETAILS:
   modFile   : C:\OpenServer\domains\indicart\vqmod/xml/paper_mod.xml
   id        : This vqmod contributes to the following custom functionalities: table view, paper filter & addition of multiples to cart.
   version   : 2.2.0.0
   vqmver    : 2.3
   author    : dk.pochtamp@gmail.com

File Name    : /admin/view/template/sale/vdi_order_list.tpl(3)
VQModObject::applyMod - SEARCH NOT FOUND (ABORTING MOD): <td class="text-left"><?php if ($sort == 'order_total') { ?>

----------------------------------------------------------------------


---------- Date: 2016-07-05 21:03:51 ~ IP : 127.0.0.1 ----------
REQUEST URI : /admin/index.php?route=sale/vdi_order&token=wl8vxG7BzZGpttFVMY9Tc9QJKC6EpDUn
MOD DETAILS:
   modFile   : C:\OpenServer\domains\indicart\vqmod/xml/paper_mod.xml
   id        : This vqmod contributes to the following custom functionalities: table view, paper filter & addition of multiples to cart.
   version   : 2.2.0.0
   vqmver    : 2.3
   author    : dk.pochtamp@gmail.com

File Name    : /admin/view/template/sale/vdi_order_list.tpl(3)
VQModObject::applyMod - SEARCH NOT FOUND (ABORTING MOD): <td class="text-left"><?php if ($sort == 'o.total') { ?>

----------------------------------------------------------------------


---------- Date: 2016-07-05 21:04:34 ~ IP : 127.0.0.1 ----------
REQUEST URI : /admin/index.php?route=sale/vdi_order&token=wl8vxG7BzZGpttFVMY9Tc9QJKC6EpDUn
MOD DETAILS:
   modFile   : C:\OpenServer\domains\indicart\vqmod/xml/paper_mod.xml
   id        : This vqmod contributes to the following custom functionalities: table view, paper filter & addition of multiples to cart.
   version   : 2.2.0.0
   vqmver    : 2.3
   author    : dk.pochtamp@gmail.com

File Name    : /admin/view/template/sale/vdi_order_list.tpl(4)
VQModObject::applyMod - SEARCH NOT FOUND (ABORTING MOD): <td class="text-left"><?php echo $order['customer']; ?></td>

----------------------------------------------------------------------


---------- Date: 2016-07-05 21:04:44 ~ IP : 127.0.0.1 ----------
REQUEST URI : /admin/index.php?route=sale/vdi_order&token=wl8vxG7BzZGpttFVMY9Tc9QJKC6EpDUn
MOD DETAILS:
   modFile   : C:\OpenServer\domains\indicart\vqmod/xml/paper_mod.xml
   id        : This vqmod contributes to the following custom functionalities: table view, paper filter & addition of multiples to cart.
   version   : 2.2.0.0
   vqmver    : 2.3
   author    : dk.pochtamp@gmail.com

File Name    : /admin/view/template/sale/vdi_order_list.tpl(4)
VQModObject::applyMod - SEARCH NOT FOUND (ABORTING MOD): <td class="text-left"><?php echo $order['customer']; ?></td>

----------------------------------------------------------------------


---------- Date: 2016-07-05 21:04:53 ~ IP : 127.0.0.1 ----------
REQUEST URI : /admin/index.php?route=sale/vdi_order&token=wl8vxG7BzZGpttFVMY9Tc9QJKC6EpDUn
MOD DETAILS:
   modFile   : C:\OpenServer\domains\indicart\vqmod/xml/paper_mod.xml
   id        : This vqmod contributes to the following custom functionalities: table view, paper filter & addition of multiples to cart.
   version   : 2.2.0.0
   vqmver    : 2.3
   author    : dk.pochtamp@gmail.com

File Name    : /admin/view/template/sale/vdi_order_list.tpl(4)
VQModObject::applyMod - SEARCH NOT FOUND (ABORTING MOD): <td class="text-left"><?php echo $order['customer']; ?></td>

----------------------------------------------------------------------


---------- Date: 2016-07-05 21:05:00 ~ IP : 127.0.0.1 ----------
REQUEST URI : /admin/index.php?route=sale/vdi_order&token=wl8vxG7BzZGpttFVMY9Tc9QJKC6EpDUn
MOD DETAILS:
   modFile   : C:\OpenServer\domains\indicart\vqmod/xml/paper_mod.xml
   id        : This vqmod contributes to the following custom functionalities: table view, paper filter & addition of multiples to cart.
   version   : 2.2.0.0
   vqmver    : 2.3
   author    : dk.pochtamp@gmail.com

File Name    : /admin/view/template/sale/vdi_order_list.tpl(4)
VQModObject::applyMod - SEARCH NOT FOUND (ABORTING MOD): <td class="text-left"><?php echo $order['customer']; ?></td>

----------------------------------------------------------------------


---------- Date: 2016-07-05 21:05:34 ~ IP : 127.0.0.1 ----------
REQUEST URI : /admin/index.php?route=sale/vdi_order&token=wl8vxG7BzZGpttFVMY9Tc9QJKC6EpDUn
MOD DETAILS:
   modFile   : C:\OpenServer\domains\indicart\vqmod/xml/paper_mod.xml
   id        : This vqmod contributes to the following custom functionalities: table view, paper filter & addition of multiples to cart.
   version   : 2.2.0.0
   vqmver    : 2.3
   author    : dk.pochtamp@gmail.com

File Name    : /admin/view/template/sale/vdi_order_list.tpl(4)
VQModObject::applyMod - SEARCH NOT FOUND (ABORTING MOD): <td class="text-left"><?php echo $order['customer']; ?></td>

----------------------------------------------------------------------


